<?xml version="1.0" encoding="UTF-8"?>
<!-- Generated by org.testng.reporters.JUnitReportReporter -->
<testsuite hostname="DESKTOP-EN82JM6" failures="0" tests="7" name="com.srk.testCases.LoginTest" time="39.041" errors="0" timestamp="2025-10-29T13:54:06 BDT" skipped="0">
  <testcase classname="com.srk.testCases.LoginTest" name="tc01" time="3.626"/>
  <testcase classname="com.srk.testCases.LoginTest" name="tc01" time="3.611"/>
  <testcase classname="com.srk.testCases.LoginTest" name="tc01" time="19.151"/>
  <testcase classname="com.srk.testCases.LoginTest" name="tc01" time="2.277"/>
  <testcase classname="com.srk.testCases.LoginTest" name="tc01" time="3.366"/>
  <testcase classname="com.srk.testCases.LoginTest" name="tc01" time="2.021"/>
  <testcase classname="com.srk.testCases.LoginTest" name="tc01" time="4.989"/>
</testsuite> <!-- com.srk.testCases.LoginTest -->
